<?xml version="1.0" encoding="UTF-8"?>
<!-- Generated by org.testng.reporters.JUnitReportReporter -->
<testsuite hostname="GRACE" name="jenkinsDemo.NewTest" tests="1" failures="0" timestamp="27 Mar 2016 14:08:43 GMT" time="0.026" errors="0">
  <testcase name="f" time="0.026" classname="jenkinsDemo.NewTest"/>
</testsuite> <!-- jenkinsDemo.NewTest -->
